{
  "stats": {
    "suites": 1,
    "tests": 8,
    "passes": 8,
    "pending": 0,
    "failures": 0,
    "start": "2023-02-01T13:34:43.637Z",
    "end": "2023-02-01T13:35:03.376Z",
    "duration": 19739,
    "testsRegistered": 8,
    "passPercent": 100,
    "pendingPercent": 0,
    "other": 0,
    "hasOther": false,
    "skipped": 0,
    "hasSkipped": false
  },
  "results": [
    {
      "uuid": "7d273cb0-9ad9-458b-9394-3daf8a6622fe",
      "title": "",
      "fullFile": "cypress/integration/logIn/login.spec.js",
      "file": "cypress/integration/logIn/login.spec.js",
      "beforeHooks": [],
      "afterHooks": [],
      "tests": [],
      "suites": [
        {
          "uuid": "05de3695-295e-486d-9753-0add8bf53876",
          "title": "log in the site",
          "fullFile": "",
          "file": "",
          "beforeHooks": [],
          "afterHooks": [],
          "tests": [
            {
              "title": "Should display modal after clicking on log in",
              "fullTitle": "log in the site Should display modal after clicking on log in",
              "timedOut": null,
              "duration": 2629,
              "state": "passed",
              "speed": "slow",
              "pass": true,
              "fail": false,
              "pending": false,
              "context": null,
              "code": "_loginPage.logIn.clickOnLogInLink();\n_loginPage.logIn.logInModalShouldBeVisible();",
              "err": {},
              "uuid": "fe503ea6-921e-4493-8d0c-6e63135ddd4b",
              "parentUUID": "05de3695-295e-486d-9753-0add8bf53876",
              "isHook": false,
              "skipped": false
            },
            {
              "title": "Should display the text \"Log in\" in the log in modal title",
              "fullTitle": "log in the site Should display the text \"Log in\" in the log in modal title",
              "timedOut": null,
              "duration": 1108,
              "state": "passed",
              "speed": "slow",
              "pass": true,
              "fail": false,
              "pending": false,
              "context": null,
              "code": "_loginPage.logIn.clickOnLogInLink();\n_loginPage.logIn.modalTitleShouldHaveText('Log in');",
              "err": {},
              "uuid": "66b48d3a-bbb8-4bff-9453-6bb7a598f6d9",
              "parentUUID": "05de3695-295e-486d-9753-0add8bf53876",
              "isHook": false,
              "skipped": false
            },
            {
              "title": "Should close modal after clicking on cross button",
              "fullTitle": "log in the site Should close modal after clicking on cross button",
              "timedOut": null,
              "duration": 1111,
              "state": "passed",
              "speed": "slow",
              "pass": true,
              "fail": false,
              "pending": false,
              "context": null,
              "code": "_loginPage.logIn.clickOnLogInLink();\n_loginPage.logIn.clickOnCrossButton();\n_loginPage.logIn.logInModalShoulNotBeVisible();",
              "err": {},
              "uuid": "d35da8b7-a647-4683-8a00-47dea5ced978",
              "parentUUID": "05de3695-295e-486d-9753-0add8bf53876",
              "isHook": false,
              "skipped": false
            },
            {
              "title": "Should display an alert asking to fill in the required data if nothing is typed",
              "fullTitle": "log in the site Should display an alert asking to fill in the required data if nothing is typed",
              "timedOut": null,
              "duration": 3244,
              "state": "passed",
              "speed": "slow",
              "pass": true,
              "fail": false,
              "pending": false,
              "context": null,
              "code": "_loginPage.logIn.clickOnLogInLink();\n_loginPage.logIn.clickOnLogInButton();\n_loginPage.logIn.logInAlertShouldHaveText('Please fill out Username and Password.');",
              "err": {},
              "uuid": "031cf072-edaf-4025-ae7f-57e631f7bb90",
              "parentUUID": "05de3695-295e-486d-9753-0add8bf53876",
              "isHook": false,
              "skipped": false
            },
            {
              "title": "Should display an alert warning that the user does not exist if user is invalid",
              "fullTitle": "log in the site Should display an alert warning that the user does not exist if user is invalid",
              "timedOut": null,
              "duration": 3194,
              "state": "passed",
              "speed": "slow",
              "pass": true,
              "fail": false,
              "pending": false,
              "context": null,
              "code": "_loginPage.logIn.clickOnLogInLink();\n_loginPage.logIn.typeUser(credentials.wrongUSer);\n_loginPage.logIn.typePassword(credentials.password);\n_loginPage.logIn.clickOnLogInButton();\n_loginPage.logIn.logInAlertShouldHaveText('User does not exist.');",
              "err": {},
              "uuid": "d8843750-592c-4748-bb89-42e2ef0ccebc",
              "parentUUID": "05de3695-295e-486d-9753-0add8bf53876",
              "isHook": false,
              "skipped": false
            },
            {
              "title": "Should display an alert warning that the password is wrong if password is invalid",
              "fullTitle": "log in the site Should display an alert warning that the password is wrong if password is invalid",
              "timedOut": null,
              "duration": 3580,
              "state": "passed",
              "speed": "slow",
              "pass": true,
              "fail": false,
              "pending": false,
              "context": null,
              "code": "_loginPage.logIn.clickOnLogInLink();\n_loginPage.logIn.typeUser(credentials.user);\n_loginPage.logIn.typePassword(credentials.wrongPassword);\n_loginPage.logIn.clickOnLogInButton();\n_loginPage.logIn.logInAlertShouldHaveText('Wrong password.');",
              "err": {},
              "uuid": "195c721d-1153-4a49-9145-5c5719f4290c",
              "parentUUID": "05de3695-295e-486d-9753-0add8bf53876",
              "isHook": false,
              "skipped": false
            },
            {
              "title": "Should log in successfully after introducing valid credentials",
              "fullTitle": "log in the site Should log in successfully after introducing valid credentials",
              "timedOut": null,
              "duration": 1727,
              "state": "passed",
              "speed": "slow",
              "pass": true,
              "fail": false,
              "pending": false,
              "context": null,
              "code": "_loginPage.logIn.clickOnLogInLink();\n_loginPage.logIn.typeUser(credentials.user);\n_loginPage.logIn.typePassword(credentials.password);\n_loginPage.logIn.clickOnLogInButton();\n_loginPage.logIn.welcomeMessageShouldGreet(credentials.user);",
              "err": {},
              "uuid": "b2dfe0f9-046b-407f-9836-c91cfdc02b0a",
              "parentUUID": "05de3695-295e-486d-9753-0add8bf53876",
              "isHook": false,
              "skipped": false
            },
            {
              "title": "Should successfully log out after clicking on log out",
              "fullTitle": "log in the site Should successfully log out after clicking on log out",
              "timedOut": null,
              "duration": 1408,
              "state": "passed",
              "speed": "slow",
              "pass": true,
              "fail": false,
              "pending": false,
              "context": null,
              "code": "_loginPage.logIn.clickOnLogInLink();\n_loginPage.logIn.typeUser(credentials.user);\n_loginPage.logIn.typePassword(credentials.password);\n_loginPage.logIn.clickOnLogInButton();\n_loginPage.logIn.clickOnLogOut();\n_loginPage.logIn.welcomeMessageShouldNotBeVisible();",
              "err": {},
              "uuid": "6919993a-5947-4963-8ebe-69e897cacdb2",
              "parentUUID": "05de3695-295e-486d-9753-0add8bf53876",
              "isHook": false,
              "skipped": false
            }
          ],
          "suites": [],
          "passes": [
            "fe503ea6-921e-4493-8d0c-6e63135ddd4b",
            "66b48d3a-bbb8-4bff-9453-6bb7a598f6d9",
            "d35da8b7-a647-4683-8a00-47dea5ced978",
            "031cf072-edaf-4025-ae7f-57e631f7bb90",
            "d8843750-592c-4748-bb89-42e2ef0ccebc",
            "195c721d-1153-4a49-9145-5c5719f4290c",
            "b2dfe0f9-046b-407f-9836-c91cfdc02b0a",
            "6919993a-5947-4963-8ebe-69e897cacdb2"
          ],
          "failures": [],
          "pending": [],
          "skipped": [],
          "duration": 18001,
          "root": false,
          "rootEmpty": false,
          "_timeout": 2000
        }
      ],
      "passes": [],
      "failures": [],
      "pending": [],
      "skipped": [],
      "duration": 0,
      "root": true,
      "rootEmpty": true,
      "_timeout": 2000
    }
  ],
  "meta": {
    "mocha": {
      "version": "7.0.1"
    },
    "mochawesome": {
      "options": {
        "quiet": false,
        "reportFilename": "mochawesome",
        "saveHtml": true,
        "saveJson": true,
        "consoleReporter": "spec",
        "useInlineDiffs": false,
        "code": true
      },
      "version": "7.1.3"
    },
    "marge": {
      "options": {
        "reporterDir": "cypress/report/mochawesome-report",
        "owerrite": false,
        "html": true,
        "json": true,
        "timestamp": "mmddyyyy_HHMMss"
      },
      "version": "6.2.0"
    }
  }
}