{
  "stats": {
    "suites": 1,
    "tests": 6,
    "passes": 5,
    "pending": 0,
    "failures": 1,
    "start": "2023-02-01T13:35:11.483Z",
    "end": "2023-02-01T13:35:26.410Z",
    "duration": 14927,
    "testsRegistered": 6,
    "passPercent": 83.33333333333334,
    "pendingPercent": 0,
    "other": 0,
    "hasOther": false,
    "skipped": 0,
    "hasSkipped": false
  },
  "results": [
    {
      "uuid": "1d946d2b-a33e-4581-b77e-090d86d3a77d",
      "title": "",
      "fullFile": "cypress/integration/signUp/sign-up.spec.js",
      "file": "cypress/integration/signUp/sign-up.spec.js",
      "beforeHooks": [],
      "afterHooks": [],
      "tests": [],
      "suites": [
        {
          "uuid": "afd4bc38-fe8d-4f97-9f26-0d3fe285e4ef",
          "title": "Sign up",
          "fullFile": "",
          "file": "",
          "beforeHooks": [],
          "afterHooks": [],
          "tests": [
            {
              "title": "Should display modal after clicking on sign up",
              "fullTitle": "Sign up Should display modal after clicking on sign up",
              "timedOut": null,
              "duration": 3496,
              "state": "passed",
              "speed": "slow",
              "pass": true,
              "fail": false,
              "pending": false,
              "context": null,
              "code": "_signUpPage.signUp.clickOnSignUp();\n_signUpPage.signUp.signUpModalShouldBeVisible();",
              "err": {},
              "uuid": "6cf0b612-0d25-433d-a23a-247bc99b421c",
              "parentUUID": "afd4bc38-fe8d-4f97-9f26-0d3fe285e4ef",
              "isHook": false,
              "skipped": false
            },
            {
              "title": "Should display the text \"Sign Up\" in the sign up modal title",
              "fullTitle": "Sign up Should display the text \"Sign Up\" in the sign up modal title",
              "timedOut": null,
              "duration": 588,
              "state": "passed",
              "speed": "slow",
              "pass": true,
              "fail": false,
              "pending": false,
              "context": null,
              "code": "_signUpPage.signUp.clickOnSignUp();\n_signUpPage.signUp.modalTitleShouldHaveText('Sign up');",
              "err": {},
              "uuid": "7bff3210-b326-40a5-b72c-2cea05a85c2b",
              "parentUUID": "afd4bc38-fe8d-4f97-9f26-0d3fe285e4ef",
              "isHook": false,
              "skipped": false
            },
            {
              "title": "Should close modal after clicking on cross button",
              "fullTitle": "Sign up Should close modal after clicking on cross button",
              "timedOut": null,
              "duration": 330,
              "state": "passed",
              "speed": "slow",
              "pass": true,
              "fail": false,
              "pending": false,
              "context": null,
              "code": "_signUpPage.signUp.clickOnSignUp();\n_signUpPage.signUp.clickOnCrossButton();\n_signUpPage.signUp.signUpModalShoulNotBeVisible();",
              "err": {},
              "uuid": "166fbb9f-2b13-4480-b3ce-c7942f5288f6",
              "parentUUID": "afd4bc38-fe8d-4f97-9f26-0d3fe285e4ef",
              "isHook": false,
              "skipped": false
            },
            {
              "title": "Should display an alert asking to fill in the required data if nothing is typed",
              "fullTitle": "Sign up Should display an alert asking to fill in the required data if nothing is typed",
              "timedOut": null,
              "duration": 4000,
              "state": "passed",
              "speed": "slow",
              "pass": true,
              "fail": false,
              "pending": false,
              "context": null,
              "code": "_signUpPage.signUp.clickOnSignUp();\n_signUpPage.signUp.clickOnSignUpButton();\n_signUpPage.signUp.signUpAlertShouldHaveText('Please fill out Username and Password.');",
              "err": {},
              "uuid": "5d765d89-08ea-4fee-bfd4-a01b95bba874",
              "parentUUID": "afd4bc38-fe8d-4f97-9f26-0d3fe285e4ef",
              "isHook": false,
              "skipped": false
            },
            {
              "title": "Should display an alert warning abut the user pre-existence if the user is duplicated",
              "fullTitle": "Sign up Should display an alert warning abut the user pre-existence if the user is duplicated",
              "timedOut": null,
              "duration": 3181,
              "state": "passed",
              "speed": "slow",
              "pass": true,
              "fail": false,
              "pending": false,
              "context": null,
              "code": "_signUpPage.signUp.clickOnSignUp();\n_signUpPage.signUp.typeUser(credentials.existingUser);\n_signUpPage.signUp.typePassword(credentials.password);\n_signUpPage.signUp.clickOnSignUpButton();\n_signUpPage.signUp.signUpAlertShouldHaveText('This user already exist.');",
              "err": {},
              "uuid": "6b475392-d706-41b1-ae3e-4b78c7406aa5",
              "parentUUID": "afd4bc38-fe8d-4f97-9f26-0d3fe285e4ef",
              "isHook": false,
              "skipped": false
            },
            {
              "title": "Should display a success alert if the user is new",
              "fullTitle": "Sign up Should display a success alert if the user is new",
              "timedOut": null,
              "duration": 1674,
              "state": "failed",
              "speed": null,
              "pass": false,
              "fail": true,
              "pending": false,
              "context": null,
              "code": "_signUpPage.signUp.clickOnSignUp();\n_signUpPage.signUp.typeUser(credentials.newUser);\n_signUpPage.signUp.typePassword(credentials.password);\n_signUpPage.signUp.clickOnSignUpButton();\n_signUpPage.signUp.signUpAlertShouldHaveText('Sign up successful.');",
              "err": {
                "message": "AssertionError: The following error originated from your application code, not from Cypress.\n\n  > expected 'This user already exist.' to include 'Sign up successful.'\n\nWhen Cypress detects uncaught errors originating from your application it will automatically fail the current test.\n\nThis behavior is configurable, and you can choose to turn this off by listening to the `uncaught:exception` event.\n\nhttps://on.cypress.io/uncaught-exception-from-application",
                "estack": "AssertionError: The following error originated from your application code, not from Cypress.\n\n  > expected 'This user already exist.' to include 'Sign up successful.'\n\nWhen Cypress detects uncaught errors originating from your application it will automatically fail the current test.\n\nThis behavior is configurable, and you can choose to turn this off by listening to the `uncaught:exception` event.\n\nhttps://on.cypress.io/uncaught-exception-from-application\n    at $Cy.eval (https://demoblaze.com/__cypress/tests?p=cypress/integration/signUp/sign-up.spec.js:125:26)",
                "diff": null
              },
              "uuid": "39996e7f-cb95-445c-85c0-bab4383a32fe",
              "parentUUID": "afd4bc38-fe8d-4f97-9f26-0d3fe285e4ef",
              "isHook": false,
              "skipped": false
            }
          ],
          "suites": [],
          "passes": [
            "6cf0b612-0d25-433d-a23a-247bc99b421c",
            "7bff3210-b326-40a5-b72c-2cea05a85c2b",
            "166fbb9f-2b13-4480-b3ce-c7942f5288f6",
            "5d765d89-08ea-4fee-bfd4-a01b95bba874",
            "6b475392-d706-41b1-ae3e-4b78c7406aa5"
          ],
          "failures": [
            "39996e7f-cb95-445c-85c0-bab4383a32fe"
          ],
          "pending": [],
          "skipped": [],
          "duration": 13269,
          "root": false,
          "rootEmpty": false,
          "_timeout": 2000
        }
      ],
      "passes": [],
      "failures": [],
      "pending": [],
      "skipped": [],
      "duration": 0,
      "root": true,
      "rootEmpty": true,
      "_timeout": 2000
    }
  ],
  "meta": {
    "mocha": {
      "version": "7.0.1"
    },
    "mochawesome": {
      "options": {
        "quiet": false,
        "reportFilename": "mochawesome",
        "saveHtml": true,
        "saveJson": true,
        "consoleReporter": "spec",
        "useInlineDiffs": false,
        "code": true
      },
      "version": "7.1.3"
    },
    "marge": {
      "options": {
        "reporterDir": "cypress/report/mochawesome-report",
        "owerrite": false,
        "html": true,
        "json": true,
        "timestamp": "mmddyyyy_HHMMss"
      },
      "version": "6.2.0"
    }
  }
}