{
  "stats": {
    "suites": 2,
    "tests": 15,
    "passes": 15,
    "pending": 0,
    "failures": 0,
    "start": "2023-02-01T13:33:29.005Z",
    "end": "2023-02-01T13:34:29.039Z",
    "duration": 60034,
    "testsRegistered": 15,
    "passPercent": 100,
    "pendingPercent": 0,
    "other": 0,
    "hasOther": false,
    "skipped": 0,
    "hasSkipped": false
  },
  "results": [
    {
      "uuid": "40d8500e-431b-4252-bf23-7d9c8fdeada4",
      "title": "",
      "fullFile": "cypress/integration/cart-addition/cart-addition.spec.js",
      "file": "cypress/integration/cart-addition/cart-addition.spec.js",
      "beforeHooks": [],
      "afterHooks": [],
      "tests": [],
      "suites": [
        {
          "uuid": "4430e223-48cc-4746-b7d3-f968f87d2c5b",
          "title": "Select a product and add it to cart",
          "fullFile": "",
          "file": "",
          "beforeHooks": [],
          "afterHooks": [],
          "tests": [
            {
              "title": "Should successfully load a product after clicking on it",
              "fullTitle": "Select a product and add it to cart Should successfully load a product after clicking on it",
              "timedOut": null,
              "duration": 13964,
              "state": "passed",
              "speed": "slow",
              "pass": true,
              "fail": false,
              "pending": false,
              "context": null,
              "code": "_cartAdditionPage.buy.clickOnProduct();\n_basePage.basePage.urlShouldContain('/prod.');",
              "err": {},
              "uuid": "18fb8658-9ee5-4984-ba52-a2c8812c3d3e",
              "parentUUID": "4430e223-48cc-4746-b7d3-f968f87d2c5b",
              "isHook": false,
              "skipped": false
            },
            {
              "title": "Should display product title",
              "fullTitle": "Select a product and add it to cart Should display product title",
              "timedOut": null,
              "duration": 1623,
              "state": "passed",
              "speed": "slow",
              "pass": true,
              "fail": false,
              "pending": false,
              "context": null,
              "code": "_cartAdditionPage.buy.clickOnProduct();\n_cartAdditionPage.buy.productTitleShouldBeVisible();",
              "err": {},
              "uuid": "86738b92-2f87-4a27-a703-13562bb8f8e8",
              "parentUUID": "4430e223-48cc-4746-b7d3-f968f87d2c5b",
              "isHook": false,
              "skipped": false
            },
            {
              "title": "Should display product image",
              "fullTitle": "Select a product and add it to cart Should display product image",
              "timedOut": null,
              "duration": 1806,
              "state": "passed",
              "speed": "slow",
              "pass": true,
              "fail": false,
              "pending": false,
              "context": null,
              "code": "_cartAdditionPage.buy.clickOnProduct();\n_cartAdditionPage.buy.imageShouldBeVisible();",
              "err": {},
              "uuid": "062e9959-e16d-493f-ad40-664da71b7be7",
              "parentUUID": "4430e223-48cc-4746-b7d3-f968f87d2c5b",
              "isHook": false,
              "skipped": false
            },
            {
              "title": "Should display product price",
              "fullTitle": "Select a product and add it to cart Should display product price",
              "timedOut": null,
              "duration": 1537,
              "state": "passed",
              "speed": "slow",
              "pass": true,
              "fail": false,
              "pending": false,
              "context": null,
              "code": "_cartAdditionPage.buy.clickOnProduct();\n_cartAdditionPage.buy.priceContainerShouldBeVisible();",
              "err": {},
              "uuid": "5b007e06-35fc-4437-862a-b7455abc32af",
              "parentUUID": "4430e223-48cc-4746-b7d3-f968f87d2c5b",
              "isHook": false,
              "skipped": false
            },
            {
              "title": "Should display product price",
              "fullTitle": "Select a product and add it to cart Should display product price",
              "timedOut": null,
              "duration": 1645,
              "state": "passed",
              "speed": "slow",
              "pass": true,
              "fail": false,
              "pending": false,
              "context": null,
              "code": "_cartAdditionPage.buy.clickOnProduct();\n_cartAdditionPage.buy.priceContainerShouldBeVisible();",
              "err": {},
              "uuid": "de0dfa52-6a01-461e-acf1-27292fa0b2db",
              "parentUUID": "4430e223-48cc-4746-b7d3-f968f87d2c5b",
              "isHook": false,
              "skipped": false
            },
            {
              "title": "Should display product description",
              "fullTitle": "Select a product and add it to cart Should display product description",
              "timedOut": null,
              "duration": 1082,
              "state": "passed",
              "speed": "slow",
              "pass": true,
              "fail": false,
              "pending": false,
              "context": null,
              "code": "_cartAdditionPage.buy.clickOnProduct();\n_cartAdditionPage.buy.productDescriptionShouldBeVisible();",
              "err": {},
              "uuid": "60e0ddaf-d629-4778-a64f-795af04afcdd",
              "parentUUID": "4430e223-48cc-4746-b7d3-f968f87d2c5b",
              "isHook": false,
              "skipped": false
            },
            {
              "title": "Should successfully add a product to cart",
              "fullTitle": "Select a product and add it to cart Should successfully add a product to cart",
              "timedOut": null,
              "duration": 3975,
              "state": "passed",
              "speed": "slow",
              "pass": true,
              "fail": false,
              "pending": false,
              "context": null,
              "code": "_cartAdditionPage.buy.clickOnProduct();\n_cartAdditionPage.buy.clickOnAddToCart();\n_cartAdditionPage.buy.cartAlertShouldHaveText('Product added');",
              "err": {},
              "uuid": "4a772f5a-3b0a-4f0c-ba0f-e75e7b865df0",
              "parentUUID": "4430e223-48cc-4746-b7d3-f968f87d2c5b",
              "isHook": false,
              "skipped": false
            }
          ],
          "suites": [],
          "passes": [
            "18fb8658-9ee5-4984-ba52-a2c8812c3d3e",
            "86738b92-2f87-4a27-a703-13562bb8f8e8",
            "062e9959-e16d-493f-ad40-664da71b7be7",
            "5b007e06-35fc-4437-862a-b7455abc32af",
            "de0dfa52-6a01-461e-acf1-27292fa0b2db",
            "60e0ddaf-d629-4778-a64f-795af04afcdd",
            "4a772f5a-3b0a-4f0c-ba0f-e75e7b865df0"
          ],
          "failures": [],
          "pending": [],
          "skipped": [],
          "duration": 25632,
          "root": false,
          "rootEmpty": false,
          "_timeout": 2000
        },
        {
          "uuid": "1b423528-9f4a-4ac9-ac82-6c8d4b46eac9",
          "title": "Checkout products in cart",
          "fullFile": "",
          "file": "",
          "beforeHooks": [],
          "afterHooks": [],
          "tests": [
            {
              "title": "Should display the Products title",
              "fullTitle": "Checkout products in cart Should display the Products title",
              "timedOut": null,
              "duration": 16378,
              "state": "passed",
              "speed": "slow",
              "pass": true,
              "fail": false,
              "pending": false,
              "context": null,
              "code": "_cartAdditionPage.buy.cartPageTitleShouldBe('Products');",
              "err": {},
              "uuid": "bd8fd6fe-e836-485b-bdbd-a48102d6ce3c",
              "parentUUID": "1b423528-9f4a-4ac9-ac82-6c8d4b46eac9",
              "isHook": false,
              "skipped": false
            },
            {
              "title": "Should display products table header correctly",
              "fullTitle": "Checkout products in cart Should display products table header correctly",
              "timedOut": null,
              "duration": 1383,
              "state": "passed",
              "speed": "slow",
              "pass": true,
              "fail": false,
              "pending": false,
              "context": null,
              "code": "_cartAdditionPage.buy.tableHeadImageTextShouldBe('Pic');\n_cartAdditionPage.buy.tableHeadTitleTextShouldBe('Title');\n_cartAdditionPage.buy.tableHeadPriceTextShouldBe('Price');\n_cartAdditionPage.buy.tableHeadDeleteTextShouldBe('x');",
              "err": {},
              "uuid": "8b2a6faf-fe7c-4152-97ee-ba732ad16530",
              "parentUUID": "1b423528-9f4a-4ac9-ac82-6c8d4b46eac9",
              "isHook": false,
              "skipped": false
            },
            {
              "title": "Should display two products in the cart",
              "fullTitle": "Checkout products in cart Should display two products in the cart",
              "timedOut": null,
              "duration": 1595,
              "state": "passed",
              "speed": "slow",
              "pass": true,
              "fail": false,
              "pending": false,
              "context": null,
              "code": "// For this case we will check if the three products added\n// at the begginging are loaded in the cart\n_cartAdditionPage.buy.numberOfProductsAddedShouldBe(3);",
              "err": {},
              "uuid": "851d1b3f-97ce-455a-93a1-9220cbf5a254",
              "parentUUID": "1b423528-9f4a-4ac9-ac82-6c8d4b46eac9",
              "isHook": false,
              "skipped": false
            },
            {
              "title": "Should successfully delete the first product",
              "fullTitle": "Checkout products in cart Should successfully delete the first product",
              "timedOut": null,
              "duration": 2838,
              "state": "passed",
              "speed": "slow",
              "pass": true,
              "fail": false,
              "pending": false,
              "context": null,
              "code": "_cartAdditionPage.buy.deleteFirstProduct();\n_cartAdditionPage.buy.numberOfProductsAddedShouldBe(2);",
              "err": {},
              "uuid": "4b72de07-c535-4999-87be-2e381695057d",
              "parentUUID": "1b423528-9f4a-4ac9-ac82-6c8d4b46eac9",
              "isHook": false,
              "skipped": false
            },
            {
              "title": "Should display the total price",
              "fullTitle": "Checkout products in cart Should display the total price",
              "timedOut": null,
              "duration": 1156,
              "state": "passed",
              "speed": "slow",
              "pass": true,
              "fail": false,
              "pending": false,
              "context": null,
              "code": "_cartAdditionPage.buy.totalPriceShoulBeVisible();",
              "err": {},
              "uuid": "41eebfe1-27db-49c7-9af3-3d44c9870184",
              "parentUUID": "1b423528-9f4a-4ac9-ac82-6c8d4b46eac9",
              "isHook": false,
              "skipped": false
            },
            {
              "title": "Should display purchase modal after clicking on place order",
              "fullTitle": "Checkout products in cart Should display purchase modal after clicking on place order",
              "timedOut": null,
              "duration": 1521,
              "state": "passed",
              "speed": "slow",
              "pass": true,
              "fail": false,
              "pending": false,
              "context": null,
              "code": "_cartAdditionPage.buy.placeORder();\n_cartAdditionPage.buy.orderModalShouldBeVisible();",
              "err": {},
              "uuid": "9af0cd1a-5699-482f-a057-dbfc8a9e4f54",
              "parentUUID": "1b423528-9f4a-4ac9-ac82-6c8d4b46eac9",
              "isHook": false,
              "skipped": false
            },
            {
              "title": "Should not allow to place an order without name or card introduced",
              "fullTitle": "Checkout products in cart Should not allow to place an order without name or card introduced",
              "timedOut": null,
              "duration": 4766,
              "state": "passed",
              "speed": "slow",
              "pass": true,
              "fail": false,
              "pending": false,
              "context": null,
              "code": "_cartAdditionPage.buy.placeORder();\n_cartAdditionPage.buy.clickOnPurchase();\n_cartAdditionPage.buy.cartAlertShouldHaveText('Please fill out Name and Creditcard.');",
              "err": {},
              "uuid": "9e99333a-1f26-413e-b095-a280659b0c18",
              "parentUUID": "1b423528-9f4a-4ac9-ac82-6c8d4b46eac9",
              "isHook": false,
              "skipped": false
            },
            {
              "title": "Should place an order after introducing name and card",
              "fullTitle": "Checkout products in cart Should place an order after introducing name and card",
              "timedOut": null,
              "duration": 2215,
              "state": "passed",
              "speed": "slow",
              "pass": true,
              "fail": false,
              "pending": false,
              "context": null,
              "code": "_cartAdditionPage.buy.placeORder();\n_cartAdditionPage.buy.typeName(paying.name);\n_cartAdditionPage.buy.typeCard(paying.creditCard);\n_cartAdditionPage.buy.clickOnPurchase();\n_cartAdditionPage.buy.sweetAlertShouldBeVisible();\n_cartAdditionPage.buy.orderTextShouldContain(paying.name);\n_cartAdditionPage.buy.orderTextShouldContain(paying.creditCard);\n_cartAdditionPage.buy.orderTextShouldHavePrice();",
              "err": {},
              "uuid": "ffb09d6d-de3f-401e-8869-6902f1202e5b",
              "parentUUID": "1b423528-9f4a-4ac9-ac82-6c8d4b46eac9",
              "isHook": false,
              "skipped": false
            }
          ],
          "suites": [],
          "passes": [
            "bd8fd6fe-e836-485b-bdbd-a48102d6ce3c",
            "8b2a6faf-fe7c-4152-97ee-ba732ad16530",
            "851d1b3f-97ce-455a-93a1-9220cbf5a254",
            "4b72de07-c535-4999-87be-2e381695057d",
            "41eebfe1-27db-49c7-9af3-3d44c9870184",
            "9af0cd1a-5699-482f-a057-dbfc8a9e4f54",
            "9e99333a-1f26-413e-b095-a280659b0c18",
            "ffb09d6d-de3f-401e-8869-6902f1202e5b"
          ],
          "failures": [],
          "pending": [],
          "skipped": [],
          "duration": 31852,
          "root": false,
          "rootEmpty": false,
          "_timeout": 2000
        }
      ],
      "passes": [],
      "failures": [],
      "pending": [],
      "skipped": [],
      "duration": 0,
      "root": true,
      "rootEmpty": true,
      "_timeout": 2000
    }
  ],
  "meta": {
    "mocha": {
      "version": "7.0.1"
    },
    "mochawesome": {
      "options": {
        "quiet": false,
        "reportFilename": "mochawesome",
        "saveHtml": true,
        "saveJson": true,
        "consoleReporter": "spec",
        "useInlineDiffs": false,
        "code": true
      },
      "version": "7.1.3"
    },
    "marge": {
      "options": {
        "reporterDir": "cypress/report/mochawesome-report",
        "owerrite": false,
        "html": true,
        "json": true,
        "timestamp": "mmddyyyy_HHMMss"
      },
      "version": "6.2.0"
    }
  }
}